{"/Users/yz/nodeProjects/lesson6/test/test.js":{"path":"/Users/yz/nodeProjects/lesson6/test/test.js","s":{"1":1,"2":1,"3":1,"4":1,"5":1,"6":1,"7":1,"8":1,"9":1,"10":1,"11":1,"12":1,"13":1,"14":1,"15":1,"16":1,"17":1,"18":1},"b":{},"f":{"1":1,"2":1,"3":1,"4":1,"5":1,"6":1,"7":1,"8":1,"9":1,"10":1},"fnMap":{"1":{"name":"(anonymous_1)","line":4,"loc":{"start":{"line":4,"column":30},"end":{"line":4,"column":42}}},"2":{"name":"(anonymous_2)","line":5,"loc":{"start":{"line":5,"column":38},"end":{"line":5,"column":50}}},"3":{"name":"(anonymous_3)","line":9,"loc":{"start":{"line":9,"column":38},"end":{"line":9,"column":50}}},"4":{"name":"(anonymous_4)","line":13,"loc":{"start":{"line":13,"column":40},"end":{"line":13,"column":52}}},"5":{"name":"(anonymous_5)","line":17,"loc":{"start":{"line":17,"column":35},"end":{"line":17,"column":47}}},"6":{"name":"(anonymous_6)","line":18,"loc":{"start":{"line":18,"column":9},"end":{"line":18,"column":21}}},"7":{"name":"(anonymous_7)","line":23,"loc":{"start":{"line":23,"column":34},"end":{"line":23,"column":46}}},"8":{"name":"(anonymous_8)","line":24,"loc":{"start":{"line":24,"column":9},"end":{"line":24,"column":21}}},"9":{"name":"(anonymous_9)","line":29,"loc":{"start":{"line":29,"column":42},"end":{"line":29,"column":54}}},"10":{"name":"(anonymous_10)","line":30,"loc":{"start":{"line":30,"column":9},"end":{"line":30,"column":21}}}},"statementMap":{"1":{"start":{"line":1,"column":0},"end":{"line":1,"column":29}},"2":{"start":{"line":2,"column":0},"end":{"line":2,"column":31}},"3":{"start":{"line":4,"column":0},"end":{"line":34,"column":3}},"4":{"start":{"line":5,"column":4},"end":{"line":7,"column":7}},"5":{"start":{"line":6,"column":8},"end":{"line":6,"column":42}},"6":{"start":{"line":9,"column":4},"end":{"line":11,"column":7}},"7":{"start":{"line":10,"column":8},"end":{"line":10,"column":42}},"8":{"start":{"line":13,"column":4},"end":{"line":15,"column":7}},"9":{"start":{"line":14,"column":8},"end":{"line":14,"column":44}},"10":{"start":{"line":17,"column":4},"end":{"line":21,"column":7}},"11":{"start":{"line":18,"column":8},"end":{"line":20,"column":42}},"12":{"start":{"line":19,"column":12},"end":{"line":19,"column":31}},"13":{"start":{"line":23,"column":4},"end":{"line":27,"column":7}},"14":{"start":{"line":24,"column":8},"end":{"line":26,"column":41}},"15":{"start":{"line":25,"column":12},"end":{"line":25,"column":31}},"16":{"start":{"line":29,"column":4},"end":{"line":33,"column":7}},"17":{"start":{"line":30,"column":8},"end":{"line":32,"column":48}},"18":{"start":{"line":31,"column":12},"end":{"line":31,"column":33}}},"branchMap":{}}}